[debug] [2020-03-05T18:32:12.553Z] ----------------------------------------------------------------------
[debug] [2020-03-05T18:32:12.556Z] Command:       C:\Program Files\nodejs\node.exe C:\Users\Personal\AppData\Roaming\npm\node_modules\firebase-tools\lib\bin\firebase.js init
[debug] [2020-03-05T18:32:12.556Z] CLI Version:   7.14.0
[debug] [2020-03-05T18:32:12.556Z] Platform:      win32
[debug] [2020-03-05T18:32:12.556Z] Node Version:  v12.4.0
[debug] [2020-03-05T18:32:12.557Z] Time:          Fri Mar 06 2020 00:02:12 GMT+0530 (India Standard Time)
[debug] [2020-03-05T18:32:12.557Z] ----------------------------------------------------------------------
[debug] [2020-03-05T18:32:12.557Z] 
[debug] [2020-03-05T18:32:12.564Z] > command requires scopes: ["email","openid","https://www.googleapis.com/auth/cloudplatformprojects.readonly","https://www.googleapis.com/auth/firebase","https://www.googleapis.com/auth/cloud-platform"]
[debug] [2020-03-05T18:32:12.565Z] > authorizing via signed-in user
[info] 
     ######## #### ########  ######## ########     ###     ######  ########
     ##        ##  ##     ## ##       ##     ##  ##   ##  ##       ##
     ######    ##  ########  ######   ########  #########  ######  ######
     ##        ##  ##    ##  ##       ##     ## ##     ##       ## ##
     ##       #### ##     ## ######## ########  ##     ##  ######  ########

You're about to initialize a Firebase project in this directory:

  C:\admin

Before we get started, keep in mind:

  * You are currently outside your home directory

